<component name="libraryTable">
  <library name="junit-jupiter-5.6.2">
    <CLASSES>
      <root url="jar://$PROJECT_DIR$/../../../../Jars/junit-jupiter-5.6.2.jar!/" />
    </CLASSES>
    <JAVADOC />
    <SOURCES />
  </library>
</component>